This is pdfTeX, Version 3.14159265-2.6-1.40.20 (TeX Live 2019) (preloaded format=pdflatex 2019.5.4)  2 JUN 2019 19:38
entering extended mode
 restricted \write18 enabled.
 %&-line parsing enabled.
**main.tex
(./main.tex
LaTeX2e <2018-12-01>
(/usr/local/texlive/2019/texmf-dist/tex/latex/base/article.cls
Document Class: article 2018/09/03 v1.4i Standard LaTeX document class
(/usr/local/texlive/2019/texmf-dist/tex/latex/base/size10.clo
File: size10.clo 2018/09/03 v1.4i Standard LaTeX file (size option)
)
\c@part=\count80
\c@section=\count81
\c@subsection=\count82
\c@subsubsection=\count83
\c@paragraph=\count84
\c@subparagraph=\count85
\c@figure=\count86
\c@table=\count87
\abovecaptionskip=\skip41
\belowcaptionskip=\skip42
\bibindent=\dimen102
)
(./structure.tex
(/usr/local/texlive/2019/texmf-dist/tex/latex/amsmath/amsmath.sty
Package: amsmath 2018/12/01 v2.17b AMS math features
\@mathmargin=\skip43

For additional information on amsmath, use the `?' option.
(/usr/local/texlive/2019/texmf-dist/tex/latex/amsmath/amstext.sty
Package: amstext 2000/06/29 v2.01 AMS text

(/usr/local/texlive/2019/texmf-dist/tex/latex/amsmath/amsgen.sty
File: amsgen.sty 1999/11/30 v2.0 generic functions
\@emptytoks=\toks14
\ex@=\dimen103
))
(/usr/local/texlive/2019/texmf-dist/tex/latex/amsmath/amsbsy.sty
Package: amsbsy 1999/11/29 v1.2d Bold Symbols
\pmbraise@=\dimen104
)
(/usr/local/texlive/2019/texmf-dist/tex/latex/amsmath/amsopn.sty
Package: amsopn 2016/03/08 v2.02 operator names
)
\inf@bad=\count88
LaTeX Info: Redefining \frac on input line 223.
\uproot@=\count89
\leftroot@=\count90
LaTeX Info: Redefining \overline on input line 385.
\classnum@=\count91
\DOTSCASE@=\count92
LaTeX Info: Redefining \ldots on input line 482.
LaTeX Info: Redefining \dots on input line 485.
LaTeX Info: Redefining \cdots on input line 606.
\Mathstrutbox@=\box27
\strutbox@=\box28
\big@size=\dimen105
LaTeX Font Info:    Redeclaring font encoding OML on input line 729.
LaTeX Font Info:    Redeclaring font encoding OMS on input line 730.
\macc@depth=\count93
\c@MaxMatrixCols=\count94
\dotsspace@=\muskip10
\c@parentequation=\count95
\dspbrk@lvl=\count96
\tag@help=\toks15
\row@=\count97
\column@=\count98
\maxfields@=\count99
\andhelp@=\toks16
\eqnshift@=\dimen106
\alignsep@=\dimen107
\tagshift@=\dimen108
\tagwidth@=\dimen109
\totwidth@=\dimen110
\lineht@=\dimen111
\@envbody=\toks17
\multlinegap=\skip44
\multlinetaggap=\skip45
\mathdisplay@stack=\toks18
LaTeX Info: Redefining \[ on input line 2844.
LaTeX Info: Redefining \] on input line 2845.
)
(/usr/local/texlive/2019/texmf-dist/tex/latex/amsfonts/amsfonts.sty
Package: amsfonts 2013/01/14 v3.01 Basic AMSFonts support
\symAMSa=\mathgroup4
\symAMSb=\mathgroup5
LaTeX Font Info:    Overwriting math alphabet `\mathfrak' in version `bold'
(Font)                  U/euf/m/n --> U/euf/b/n on input line 106.
)
(/usr/local/texlive/2019/texmf-dist/tex/latex/stmaryrd/stmaryrd.sty
Package: stmaryrd 1994/03/03 St Mary's Road symbol package
\symstmry=\mathgroup6
LaTeX Font Info:    Overwriting symbol font `stmry' in version `bold'
(Font)                  U/stmry/m/n --> U/stmry/b/n on input line 89.
)
(/usr/local/texlive/2019/texmf-dist/tex/latex/amsfonts/amssymb.sty
Package: amssymb 2013/01/14 v3.01 AMS font symbols
LaTeX Font Info:    Redeclaring math symbol \boxdot on input line 44.
)
(/usr/local/texlive/2019/texmf-dist/tex/latex/tools/enumerate.sty
Package: enumerate 2015/07/23 v3.00 enumerate extensions (DPC)
\@enLab=\toks19
)
(/usr/local/texlive/2019/texmf-dist/tex/latex/algorithm2e/algorithm2e.sty
Package: algorithm2e 2017/07/18 v5.2 algorithms environments
\c@AlgoLine=\count100

(/usr/local/texlive/2019/texmf-dist/tex/latex/base/ifthen.sty
Package: ifthen 2014/09/29 v1.1c Standard LaTeX ifthen package (DPC)
)
\algocf@hangindent=\skip46

(/usr/local/texlive/2019/texmf-dist/tex/latex/ifoddpage/ifoddpage.sty
Package: ifoddpage 2016/04/23 v1.1 Conditionals for odd/even page detection
\c@checkoddpage=\count101
)
(/usr/local/texlive/2019/texmf-dist/tex/latex/tools/xspace.sty
Package: xspace 2014/10/28 v1.13 Space after command names (DPC,MH)
)
(/usr/local/texlive/2019/texmf-dist/tex/latex/relsize/relsize.sty
Package: relsize 2013/03/29 ver 4.1
)
\skiptotal=\skip47
\skiplinenumber=\skip48
\skiprule=\skip49
\skiphlne=\skip50
\skiptext=\skip51
\skiplength=\skip52
\algomargin=\skip53
\skipalgocfslide=\skip54
\algowidth=\dimen112
\inoutsize=\dimen113
\inoutindent=\dimen114
\interspacetitleruled=\dimen115
\interspacealgoruled=\dimen116
\interspacetitleboxruled=\dimen117
\algocf@ruledwidth=\skip55
\algocf@inoutbox=\box29
\algocf@inputbox=\box30
\AlCapSkip=\skip56
\AlCapHSkip=\skip57
\algoskipindent=\skip58
\algocf@nlbox=\box31
\algocf@hangingbox=\box32
\algocf@untilbox=\box33
\algocf@skipuntil=\skip59
\algocf@capbox=\box34
\algocf@lcaptionbox=\skip60
\algoheightruledefault=\skip61
\algoheightrule=\skip62
\algotitleheightruledefault=\skip63
\algotitleheightrule=\skip64
\c@algocfline=\count102
\c@algocfproc=\count103
\c@algocf=\count104
\algocf@algoframe=\box35
\algocf@algobox=\box36
)
(/usr/local/texlive/2019/texmf-dist/tex/latex/mdframed/mdframed.sty
Package: mdframed 2013/07/01 1.9b: mdframed

(/usr/local/texlive/2019/texmf-dist/tex/latex/oberdiek/kvoptions.sty
Package: kvoptions 2016/05/16 v3.12 Key value format for package options (HO)

(/usr/local/texlive/2019/texmf-dist/tex/latex/graphics/keyval.sty
Package: keyval 2014/10/28 v1.15 key=value parser (DPC)
\KV@toks@=\toks20
)
(/usr/local/texlive/2019/texmf-dist/tex/generic/oberdiek/ltxcmds.sty
Package: ltxcmds 2016/05/16 v1.23 LaTeX kernel commands for general use (HO)
)
(/usr/local/texlive/2019/texmf-dist/tex/generic/oberdiek/kvsetkeys.sty
Package: kvsetkeys 2016/05/16 v1.17 Key value parser (HO)

(/usr/local/texlive/2019/texmf-dist/tex/generic/oberdiek/infwarerr.sty
Package: infwarerr 2016/05/16 v1.4 Providing info/warning/error messages (HO)
)
(/usr/local/texlive/2019/texmf-dist/tex/generic/oberdiek/etexcmds.sty
Package: etexcmds 2016/05/16 v1.6 Avoid name clashes with e-TeX commands (HO)

(/usr/local/texlive/2019/texmf-dist/tex/generic/oberdiek/ifluatex.sty
Package: ifluatex 2016/05/16 v1.4 Provides the ifluatex switch (HO)
Package ifluatex Info: LuaTeX not detected.
))))
(/usr/local/texlive/2019/texmf-dist/tex/latex/l3packages/xparse/xparse.sty
(/usr/local/texlive/2019/texmf-dist/tex/latex/l3kernel/expl3.sty
Package: expl3 2019-04-21 L3 programming layer (loader) 

(/usr/local/texlive/2019/texmf-dist/tex/latex/l3kernel/expl3-code.tex
Package: expl3 2019-04-21 L3 programming layer (code)
\c_max_int=\count105
\l_tmpa_int=\count106
\l_tmpb_int=\count107
\g_tmpa_int=\count108
\g_tmpb_int=\count109
\g__kernel_prg_map_int=\count110
\c__ior_term_ior=\count111
\c_log_iow=\count112
\l_iow_line_count_int=\count113
\l__iow_line_target_int=\count114
\l__iow_one_indent_int=\count115
\l__iow_indent_int=\count116
\c_zero_dim=\dimen118
\c_max_dim=\dimen119
\l_tmpa_dim=\dimen120
\l_tmpb_dim=\dimen121
\g_tmpa_dim=\dimen122
\g_tmpb_dim=\dimen123
\c_zero_skip=\skip65
\c_max_skip=\skip66
\l_tmpa_skip=\skip67
\l_tmpb_skip=\skip68
\g_tmpa_skip=\skip69
\g_tmpb_skip=\skip70
\c_zero_muskip=\muskip11
\c_max_muskip=\muskip12
\l_tmpa_muskip=\muskip13
\l_tmpb_muskip=\muskip14
\g_tmpa_muskip=\muskip15
\g_tmpb_muskip=\muskip16
\l_keys_choice_int=\count117
\l__intarray_loop_int=\count118
\c__intarray_sp_dim=\dimen124
\g__intarray_font_int=\count119
\c__fp_leading_shift_int=\count120
\c__fp_middle_shift_int=\count121
\c__fp_trailing_shift_int=\count122
\c__fp_big_leading_shift_int=\count123
\c__fp_big_middle_shift_int=\count124
\c__fp_big_trailing_shift_int=\count125
\c__fp_Bigg_leading_shift_int=\count126
\c__fp_Bigg_middle_shift_int=\count127
\c__fp_Bigg_trailing_shift_int=\count128
\c__kernel_randint_max_int=\count129
\g__fp_array_int=\count130
\l__fp_array_loop_int=\count131
\l__sort_length_int=\count132
\l__sort_min_int=\count133
\l__sort_top_int=\count134
\l__sort_max_int=\count135
\l__sort_true_max_int=\count136
\l__sort_block_int=\count137
\l__sort_begin_int=\count138
\l__sort_end_int=\count139
\l__sort_A_int=\count140
\l__sort_B_int=\count141
\l__sort_C_int=\count142
\l__tl_analysis_normal_int=\count143
\l__tl_analysis_index_int=\count144
\l__tl_analysis_nesting_int=\count145
\l__tl_analysis_type_int=\count146
\l__regex_internal_a_int=\count147
\l__regex_internal_b_int=\count148
\l__regex_internal_c_int=\count149
\l__regex_balance_int=\count150
\l__regex_group_level_int=\count151
\l__regex_mode_int=\count152
\c__regex_cs_in_class_mode_int=\count153
\c__regex_cs_mode_int=\count154
\l__regex_catcodes_int=\count155
\l__regex_default_catcodes_int=\count156
\c__regex_catcode_D_int=\count157
\c__regex_catcode_S_int=\count158
\c__regex_catcode_L_int=\count159
\c__regex_catcode_O_int=\count160
\c__regex_catcode_A_int=\count161
\c__regex_all_catcodes_int=\count162
\l__regex_show_lines_int=\count163
\l__regex_min_state_int=\count164
\l__regex_max_state_int=\count165
\l__regex_left_state_int=\count166
\l__regex_right_state_int=\count167
\l__regex_capturing_group_int=\count168
\l__regex_min_pos_int=\count169
\l__regex_max_pos_int=\count170
\l__regex_curr_pos_int=\count171
\l__regex_start_pos_int=\count172
\l__regex_success_pos_int=\count173
\l__regex_curr_char_int=\count174
\l__regex_curr_catcode_int=\count175
\l__regex_last_char_int=\count176
\l__regex_case_changed_char_int=\count177
\l__regex_curr_state_int=\count178
\l__regex_step_int=\count179
\l__regex_min_active_int=\count180
\l__regex_max_active_int=\count181
\l__regex_replacement_csnames_int=\count182
\l__regex_match_count_int=\count183
\l__regex_min_submatch_int=\count184
\l__regex_submatch_int=\count185
\l__regex_zeroth_submatch_int=\count186
\g__regex_trace_regex_int=\count187
\c_empty_box=\box37
\l_tmpa_box=\box38
\l_tmpb_box=\box39
\g_tmpa_box=\box40
\g_tmpb_box=\box41
\l__box_top_dim=\dimen125
\l__box_bottom_dim=\dimen126
\l__box_left_dim=\dimen127
\l__box_right_dim=\dimen128
\l__box_top_new_dim=\dimen129
\l__box_bottom_new_dim=\dimen130
\l__box_left_new_dim=\dimen131
\l__box_right_new_dim=\dimen132
\l__box_internal_box=\box42
\l__coffin_internal_box=\box43
\l__coffin_internal_dim=\dimen133
\l__coffin_offset_x_dim=\dimen134
\l__coffin_offset_y_dim=\dimen135
\l__coffin_x_dim=\dimen136
\l__coffin_y_dim=\dimen137
\l__coffin_x_prime_dim=\dimen138
\l__coffin_y_prime_dim=\dimen139
\c_empty_coffin=\box44
\l__coffin_aligned_coffin=\box45
\l__coffin_aligned_internal_coffin=\box46
\l_tmpa_coffin=\box47
\l_tmpb_coffin=\box48
\g_tmpa_coffin=\box49
\g_tmpb_coffin=\box50
\l__coffin_bounding_shift_dim=\dimen140
\l__coffin_left_corner_dim=\dimen141
\l__coffin_right_corner_dim=\dimen142
\l__coffin_bottom_corner_dim=\dimen143
\l__coffin_top_corner_dim=\dimen144
\l__coffin_scaled_total_height_dim=\dimen145
\l__coffin_scaled_width_dim=\dimen146
\c__coffin_empty_coffin=\box51
\l__coffin_display_coffin=\box52
\l__coffin_display_coord_coffin=\box53
\l__coffin_display_pole_coffin=\box54
\l__coffin_display_offset_dim=\dimen147
\l__coffin_display_x_dim=\dimen148
\l__coffin_display_y_dim=\dimen149
\g__file_internal_ior=\read1
\l__seq_internal_a_int=\count188
\l__seq_internal_b_int=\count189
\c__deprecation_minus_one=\count190
)
(/usr/local/texlive/2019/texmf-dist/tex/latex/l3kernel/l3pdfmode.def
File: l3pdfmode.def 2019-04-06 v L3 Experimental driver: PDF mode
\l__driver_color_stack_int=\count191
))
Package: xparse 2019-03-05 L3 Experimental document command parser
\l__xparse_current_arg_int=\count192
\g__xparse_grabber_int=\count193
\l__xparse_m_args_int=\count194
\l__xparse_v_nesting_int=\count195
)
(/usr/local/texlive/2019/texmf-dist/tex/latex/etoolbox/etoolbox.sty
Package: etoolbox 2018/08/19 v2.5f e-TeX tools for LaTeX (JAW)
\etb@tempcnta=\count196
)
(/usr/local/texlive/2019/texmf-dist/tex/latex/oberdiek/zref-abspage.sty
Package: zref-abspage 2018/11/21 v2.27 Module abspage for zref (HO)

(/usr/local/texlive/2019/texmf-dist/tex/latex/oberdiek/zref-base.sty
Package: zref-base 2018/11/21 v2.27 Module base for zref (HO)

(/usr/local/texlive/2019/texmf-dist/tex/generic/oberdiek/kvdefinekeys.sty
Package: kvdefinekeys 2016/05/16 v1.4 Define keys (HO)
)
(/usr/local/texlive/2019/texmf-dist/tex/generic/oberdiek/pdftexcmds.sty
Package: pdftexcmds 2018/09/10 v0.29 Utility functions of pdfTeX for LuaTeX (HO
)

(/usr/local/texlive/2019/texmf-dist/tex/generic/oberdiek/ifpdf.sty
Package: ifpdf 2018/09/07 v3.3 Provides the ifpdf switch
)
Package pdftexcmds Info: LuaTeX not detected.
Package pdftexcmds Info: \pdf@primitive is available.
Package pdftexcmds Info: \pdf@ifprimitive is available.
Package pdftexcmds Info: \pdfdraftmode found.
)
(/usr/local/texlive/2019/texmf-dist/tex/latex/oberdiek/auxhook.sty
Package: auxhook 2016/05/16 v1.4 Hooks for auxiliary files (HO)
)
Package zref Info: New property list: main on input line 759.
Package zref Info: New property: default on input line 760.
Package zref Info: New property: page on input line 761.
)
(/usr/local/texlive/2019/texmf-dist/tex/generic/oberdiek/atbegshi.sty
Package: atbegshi 2016/06/09 v1.18 At begin shipout hook (HO)
)
\c@abspage=\count197
Package zref Info: New property: abspage on input line 62.
)
(/usr/local/texlive/2019/texmf-dist/tex/latex/needspace/needspace.sty
Package: needspace 2010/09/12 v1.3d reserve vertical space
)
(/usr/local/texlive/2019/texmf-dist/tex/latex/graphics/color.sty
Package: color 2016/07/10 v1.1e Standard LaTeX Color (DPC)

(/usr/local/texlive/2019/texmf-dist/tex/latex/graphics-cfg/color.cfg
File: color.cfg 2016/01/02 v1.6 sample color configuration
)
Package color Info: Driver file: pdftex.def on input line 147.

(/usr/local/texlive/2019/texmf-dist/tex/latex/graphics-def/pdftex.def
File: pdftex.def 2018/01/08 v1.0l Graphics/color driver for pdftex
))
\mdf@templength=\skip71
\c@mdf@globalstyle@cnt=\count198
\mdf@skipabove@length=\skip72
\mdf@skipbelow@length=\skip73
\mdf@leftmargin@length=\skip74
\mdf@rightmargin@length=\skip75
\mdf@innerleftmargin@length=\skip76
\mdf@innerrightmargin@length=\skip77
\mdf@innertopmargin@length=\skip78
\mdf@innerbottommargin@length=\skip79
\mdf@splittopskip@length=\skip80
\mdf@splitbottomskip@length=\skip81
\mdf@outermargin@length=\skip82
\mdf@innermargin@length=\skip83
\mdf@linewidth@length=\skip84
\mdf@innerlinewidth@length=\skip85
\mdf@middlelinewidth@length=\skip86
\mdf@outerlinewidth@length=\skip87
\mdf@roundcorner@length=\skip88
\mdf@footenotedistance@length=\skip89
\mdf@userdefinedwidth@length=\skip90
\mdf@needspace@length=\skip91
\mdf@frametitleaboveskip@length=\skip92
\mdf@frametitlebelowskip@length=\skip93
\mdf@frametitlerulewidth@length=\skip94
\mdf@frametitleleftmargin@length=\skip95
\mdf@frametitlerightmargin@length=\skip96
\mdf@shadowsize@length=\skip97
\mdf@extratopheight@length=\skip98
\mdf@subtitleabovelinewidth@length=\skip99
\mdf@subtitlebelowlinewidth@length=\skip100
\mdf@subtitleaboveskip@length=\skip101
\mdf@subtitlebelowskip@length=\skip102
\mdf@subtitleinneraboveskip@length=\skip103
\mdf@subtitleinnerbelowskip@length=\skip104
\mdf@subsubtitleabovelinewidth@length=\skip105
\mdf@subsubtitlebelowlinewidth@length=\skip106
\mdf@subsubtitleaboveskip@length=\skip107
\mdf@subsubtitlebelowskip@length=\skip108
\mdf@subsubtitleinneraboveskip@length=\skip109
\mdf@subsubtitleinnerbelowskip@length=\skip110

(/usr/local/texlive/2019/texmf-dist/tex/latex/pgf/frontendlayer/tikz.sty
(/usr/local/texlive/2019/texmf-dist/tex/latex/pgf/basiclayer/pgf.sty
(/usr/local/texlive/2019/texmf-dist/tex/latex/pgf/utilities/pgfrcs.sty
(/usr/local/texlive/2019/texmf-dist/tex/generic/pgf/utilities/pgfutil-common.te
x
\pgfutil@everybye=\toks21
\pgfutil@tempdima=\dimen150
\pgfutil@tempdimb=\dimen151

(/usr/local/texlive/2019/texmf-dist/tex/generic/pgf/utilities/pgfutil-common-li
sts.tex))
(/usr/local/texlive/2019/texmf-dist/tex/generic/pgf/utilities/pgfutil-latex.def
\pgfutil@abb=\box55
(/usr/local/texlive/2019/texmf-dist/tex/latex/ms/everyshi.sty
Package: everyshi 2001/05/15 v3.00 EveryShipout Package (MS)
))
(/usr/local/texlive/2019/texmf-dist/tex/generic/pgf/utilities/pgfrcs.code.tex
(/usr/local/texlive/2019/texmf-dist/tex/generic/pgf/pgf.revision.tex)
Package: pgfrcs 2019/02/02 v3.1.1 (3.1.1)
))
Package: pgf 2019/02/02 v3.1.1 (3.1.1)

(/usr/local/texlive/2019/texmf-dist/tex/latex/pgf/basiclayer/pgfcore.sty
(/usr/local/texlive/2019/texmf-dist/tex/latex/graphics/graphicx.sty
Package: graphicx 2017/06/01 v1.1a Enhanced LaTeX Graphics (DPC,SPQR)

(/usr/local/texlive/2019/texmf-dist/tex/latex/graphics/graphics.sty
Package: graphics 2017/06/25 v1.2c Standard LaTeX Graphics (DPC,SPQR)

(/usr/local/texlive/2019/texmf-dist/tex/latex/graphics/trig.sty
Package: trig 2016/01/03 v1.10 sin cos tan (DPC)
)
(/usr/local/texlive/2019/texmf-dist/tex/latex/graphics-cfg/graphics.cfg
File: graphics.cfg 2016/06/04 v1.11 sample graphics configuration
)
Package graphics Info: Driver file: pdftex.def on input line 99.
)
\Gin@req@height=\dimen152
\Gin@req@width=\dimen153
)
(/usr/local/texlive/2019/texmf-dist/tex/latex/pgf/systemlayer/pgfsys.sty
(/usr/local/texlive/2019/texmf-dist/tex/generic/pgf/systemlayer/pgfsys.code.tex
Package: pgfsys 2019/02/02 v3.1.1 (3.1.1)
(/usr/local/texlive/2019/texmf-dist/tex/generic/pgf/utilities/pgfkeys.code.tex
\pgfkeys@pathtoks=\toks22
\pgfkeys@temptoks=\toks23

(/usr/local/texlive/2019/texmf-dist/tex/generic/pgf/utilities/pgfkeysfiltered.c
ode.tex
\pgfkeys@tmptoks=\toks24
))
\pgf@x=\dimen154
\pgf@y=\dimen155
\pgf@xa=\dimen156
\pgf@ya=\dimen157
\pgf@xb=\dimen158
\pgf@yb=\dimen159
\pgf@xc=\dimen160
\pgf@yc=\dimen161
\w@pgf@writea=\write3
\r@pgf@reada=\read2
\c@pgf@counta=\count199
\c@pgf@countb=\count266
\c@pgf@countc=\count267
\c@pgf@countd=\count268
\t@pgf@toka=\toks25
\t@pgf@tokb=\toks26
\t@pgf@tokc=\toks27
\pgf@sys@id@count=\count269

(/usr/local/texlive/2019/texmf-dist/tex/generic/pgf/systemlayer/pgf.cfg
File: pgf.cfg 2019/02/02 v3.1.1 (3.1.1)
)
Driver file for pgf: pgfsys-pdftex.def

(/usr/local/texlive/2019/texmf-dist/tex/generic/pgf/systemlayer/pgfsys-pdftex.d
ef
File: pgfsys-pdftex.def 2019/02/02 v3.1.1 (3.1.1)

(/usr/local/texlive/2019/texmf-dist/tex/generic/pgf/systemlayer/pgfsys-common-p
df.def
File: pgfsys-common-pdf.def 2019/02/02 v3.1.1 (3.1.1)
)))
(/usr/local/texlive/2019/texmf-dist/tex/generic/pgf/systemlayer/pgfsyssoftpath.
code.tex
File: pgfsyssoftpath.code.tex 2019/02/02 v3.1.1 (3.1.1)
\pgfsyssoftpath@smallbuffer@items=\count270
\pgfsyssoftpath@bigbuffer@items=\count271
)
(/usr/local/texlive/2019/texmf-dist/tex/generic/pgf/systemlayer/pgfsysprotocol.
code.tex
File: pgfsysprotocol.code.tex 2019/02/02 v3.1.1 (3.1.1)
)) (/usr/local/texlive/2019/texmf-dist/tex/latex/xcolor/xcolor.sty
Package: xcolor 2016/05/11 v2.12 LaTeX color extensions (UK)

(/usr/local/texlive/2019/texmf-dist/tex/latex/graphics-cfg/color.cfg
File: color.cfg 2016/01/02 v1.6 sample color configuration
)
Package xcolor Info: Driver file: pdftex.def on input line 225.
LaTeX Info: Redefining \color on input line 709.
Package xcolor Info: Model `cmy' substituted by `cmy0' on input line 1348.
Package xcolor Info: Model `hsb' substituted by `rgb' on input line 1352.
Package xcolor Info: Model `RGB' extended on input line 1364.
Package xcolor Info: Model `HTML' substituted by `rgb' on input line 1366.
Package xcolor Info: Model `Hsb' substituted by `hsb' on input line 1367.
Package xcolor Info: Model `tHsb' substituted by `hsb' on input line 1368.
Package xcolor Info: Model `HSB' substituted by `hsb' on input line 1369.
Package xcolor Info: Model `Gray' substituted by `gray' on input line 1370.
Package xcolor Info: Model `wave' substituted by `hsb' on input line 1371.
)
(/usr/local/texlive/2019/texmf-dist/tex/generic/pgf/basiclayer/pgfcore.code.tex
Package: pgfcore 2019/02/02 v3.1.1 (3.1.1)
(/usr/local/texlive/2019/texmf-dist/tex/generic/pgf/math/pgfmath.code.tex
(/usr/local/texlive/2019/texmf-dist/tex/generic/pgf/math/pgfmathcalc.code.tex
(/usr/local/texlive/2019/texmf-dist/tex/generic/pgf/math/pgfmathutil.code.tex)
(/usr/local/texlive/2019/texmf-dist/tex/generic/pgf/math/pgfmathparser.code.tex
\pgfmath@dimen=\dimen162
\pgfmath@count=\count272
\pgfmath@box=\box56
\pgfmath@toks=\toks28
\pgfmath@stack@operand=\toks29
\pgfmath@stack@operation=\toks30
)
(/usr/local/texlive/2019/texmf-dist/tex/generic/pgf/math/pgfmathfunctions.code.
tex
(/usr/local/texlive/2019/texmf-dist/tex/generic/pgf/math/pgfmathfunctions.basic
.code.tex)
(/usr/local/texlive/2019/texmf-dist/tex/generic/pgf/math/pgfmathfunctions.trigo
nometric.code.tex)
(/usr/local/texlive/2019/texmf-dist/tex/generic/pgf/math/pgfmathfunctions.rando
m.code.tex)
(/usr/local/texlive/2019/texmf-dist/tex/generic/pgf/math/pgfmathfunctions.compa
rison.code.tex)
(/usr/local/texlive/2019/texmf-dist/tex/generic/pgf/math/pgfmathfunctions.base.
code.tex)
(/usr/local/texlive/2019/texmf-dist/tex/generic/pgf/math/pgfmathfunctions.round
.code.tex)
(/usr/local/texlive/2019/texmf-dist/tex/generic/pgf/math/pgfmathfunctions.misc.
code.tex)
(/usr/local/texlive/2019/texmf-dist/tex/generic/pgf/math/pgfmathfunctions.integ
erarithmetics.code.tex)))
(/usr/local/texlive/2019/texmf-dist/tex/generic/pgf/math/pgfmathfloat.code.tex
\c@pgfmathroundto@lastzeros=\count273
))
(/usr/local/texlive/2019/texmf-dist/tex/generic/pgf/basiclayer/pgfcorepoints.co
de.tex
File: pgfcorepoints.code.tex 2019/02/02 v3.1.1 (3.1.1)
\pgf@picminx=\dimen163
\pgf@picmaxx=\dimen164
\pgf@picminy=\dimen165
\pgf@picmaxy=\dimen166
\pgf@pathminx=\dimen167
\pgf@pathmaxx=\dimen168
\pgf@pathminy=\dimen169
\pgf@pathmaxy=\dimen170
\pgf@xx=\dimen171
\pgf@xy=\dimen172
\pgf@yx=\dimen173
\pgf@yy=\dimen174
\pgf@zx=\dimen175
\pgf@zy=\dimen176
)
(/usr/local/texlive/2019/texmf-dist/tex/generic/pgf/basiclayer/pgfcorepathconst
ruct.code.tex
File: pgfcorepathconstruct.code.tex 2019/02/02 v3.1.1 (3.1.1)
\pgf@path@lastx=\dimen177
\pgf@path@lasty=\dimen178
)
(/usr/local/texlive/2019/texmf-dist/tex/generic/pgf/basiclayer/pgfcorepathusage
.code.tex
File: pgfcorepathusage.code.tex 2019/02/02 v3.1.1 (3.1.1)
\pgf@shorten@end@additional=\dimen179
\pgf@shorten@start@additional=\dimen180
)
(/usr/local/texlive/2019/texmf-dist/tex/generic/pgf/basiclayer/pgfcorescopes.co
de.tex
File: pgfcorescopes.code.tex 2019/02/02 v3.1.1 (3.1.1)
\pgfpic=\box57
\pgf@hbox=\box58
\pgf@layerbox@main=\box59
\pgf@picture@serial@count=\count274
)
(/usr/local/texlive/2019/texmf-dist/tex/generic/pgf/basiclayer/pgfcoregraphicst
ate.code.tex
File: pgfcoregraphicstate.code.tex 2019/02/02 v3.1.1 (3.1.1)
\pgflinewidth=\dimen181
)
(/usr/local/texlive/2019/texmf-dist/tex/generic/pgf/basiclayer/pgfcoretransform
ations.code.tex
File: pgfcoretransformations.code.tex 2019/02/02 v3.1.1 (3.1.1)
\pgf@pt@x=\dimen182
\pgf@pt@y=\dimen183
\pgf@pt@temp=\dimen184
)
(/usr/local/texlive/2019/texmf-dist/tex/generic/pgf/basiclayer/pgfcorequick.cod
e.tex
File: pgfcorequick.code.tex 2019/02/02 v3.1.1 (3.1.1)
)
(/usr/local/texlive/2019/texmf-dist/tex/generic/pgf/basiclayer/pgfcoreobjects.c
ode.tex
File: pgfcoreobjects.code.tex 2019/02/02 v3.1.1 (3.1.1)
)
(/usr/local/texlive/2019/texmf-dist/tex/generic/pgf/basiclayer/pgfcorepathproce
ssing.code.tex
File: pgfcorepathprocessing.code.tex 2019/02/02 v3.1.1 (3.1.1)
)
(/usr/local/texlive/2019/texmf-dist/tex/generic/pgf/basiclayer/pgfcorearrows.co
de.tex
File: pgfcorearrows.code.tex 2019/02/02 v3.1.1 (3.1.1)
\pgfarrowsep=\dimen185
)
(/usr/local/texlive/2019/texmf-dist/tex/generic/pgf/basiclayer/pgfcoreshade.cod
e.tex
File: pgfcoreshade.code.tex 2019/02/02 v3.1.1 (3.1.1)
\pgf@max=\dimen186
\pgf@sys@shading@range@num=\count275
)
(/usr/local/texlive/2019/texmf-dist/tex/generic/pgf/basiclayer/pgfcoreimage.cod
e.tex
File: pgfcoreimage.code.tex 2019/02/02 v3.1.1 (3.1.1)

(/usr/local/texlive/2019/texmf-dist/tex/generic/pgf/basiclayer/pgfcoreexternal.
code.tex
File: pgfcoreexternal.code.tex 2019/02/02 v3.1.1 (3.1.1)
\pgfexternal@startupbox=\box60
))
(/usr/local/texlive/2019/texmf-dist/tex/generic/pgf/basiclayer/pgfcorelayers.co
de.tex
File: pgfcorelayers.code.tex 2019/02/02 v3.1.1 (3.1.1)
)
(/usr/local/texlive/2019/texmf-dist/tex/generic/pgf/basiclayer/pgfcoretranspare
ncy.code.tex
File: pgfcoretransparency.code.tex 2019/02/02 v3.1.1 (3.1.1)
)
(/usr/local/texlive/2019/texmf-dist/tex/generic/pgf/basiclayer/pgfcorepatterns.
code.tex
File: pgfcorepatterns.code.tex 2019/02/02 v3.1.1 (3.1.1)
)
(/usr/local/texlive/2019/texmf-dist/tex/generic/pgf/basiclayer/pgfcorerdf.code.
tex
File: pgfcorerdf.code.tex 2019/02/02 v3.1.1 (3.1.1)
)))
(/usr/local/texlive/2019/texmf-dist/tex/generic/pgf/modules/pgfmoduleshapes.cod
e.tex
File: pgfmoduleshapes.code.tex 2019/02/02 v3.1.1 (3.1.1)
\pgfnodeparttextbox=\box61
)
(/usr/local/texlive/2019/texmf-dist/tex/generic/pgf/modules/pgfmoduleplot.code.
tex
File: pgfmoduleplot.code.tex 2019/02/02 v3.1.1 (3.1.1)
)
(/usr/local/texlive/2019/texmf-dist/tex/latex/pgf/compatibility/pgfcomp-version
-0-65.sty
Package: pgfcomp-version-0-65 2019/02/02 v3.1.1 (3.1.1)
\pgf@nodesepstart=\dimen187
\pgf@nodesepend=\dimen188
)
(/usr/local/texlive/2019/texmf-dist/tex/latex/pgf/compatibility/pgfcomp-version
-1-18.sty
Package: pgfcomp-version-1-18 2019/02/02 v3.1.1 (3.1.1)
))
(/usr/local/texlive/2019/texmf-dist/tex/latex/pgf/utilities/pgffor.sty
(/usr/local/texlive/2019/texmf-dist/tex/latex/pgf/utilities/pgfkeys.sty
(/usr/local/texlive/2019/texmf-dist/tex/generic/pgf/utilities/pgfkeys.code.tex)
) (/usr/local/texlive/2019/texmf-dist/tex/latex/pgf/math/pgfmath.sty
(/usr/local/texlive/2019/texmf-dist/tex/generic/pgf/math/pgfmath.code.tex))
(/usr/local/texlive/2019/texmf-dist/tex/generic/pgf/utilities/pgffor.code.tex
Package: pgffor 2019/02/02 v3.1.1 (3.1.1)

(/usr/local/texlive/2019/texmf-dist/tex/generic/pgf/math/pgfmath.code.tex)
\pgffor@iter=\dimen189
\pgffor@skip=\dimen190
\pgffor@stack=\toks31
\pgffor@toks=\toks32
))
(/usr/local/texlive/2019/texmf-dist/tex/generic/pgf/frontendlayer/tikz/tikz.cod
e.tex
Package: tikz 2019/02/02 v3.1.1 (3.1.1)

(/usr/local/texlive/2019/texmf-dist/tex/generic/pgf/libraries/pgflibraryplothan
dlers.code.tex
File: pgflibraryplothandlers.code.tex 2019/02/02 v3.1.1 (3.1.1)
\pgf@plot@mark@count=\count276
\pgfplotmarksize=\dimen191
)
\tikz@lastx=\dimen192
\tikz@lasty=\dimen193
\tikz@lastxsaved=\dimen194
\tikz@lastysaved=\dimen195
\tikzleveldistance=\dimen196
\tikzsiblingdistance=\dimen197
\tikz@figbox=\box62
\tikz@figbox@bg=\box63
\tikz@tempbox=\box64
\tikz@tempbox@bg=\box65
\tikztreelevel=\count277
\tikznumberofchildren=\count278
\tikznumberofcurrentchild=\count279
\tikz@fig@count=\count280

(/usr/local/texlive/2019/texmf-dist/tex/generic/pgf/modules/pgfmodulematrix.cod
e.tex
File: pgfmodulematrix.code.tex 2019/02/02 v3.1.1 (3.1.1)
\pgfmatrixcurrentrow=\count281
\pgfmatrixcurrentcolumn=\count282
\pgf@matrix@numberofcolumns=\count283
)
\tikz@expandcount=\count284

(/usr/local/texlive/2019/texmf-dist/tex/generic/pgf/frontendlayer/tikz/librarie
s/tikzlibrarytopaths.code.tex
File: tikzlibrarytopaths.code.tex 2019/02/02 v3.1.1 (3.1.1)
)))
(/usr/local/texlive/2019/texmf-dist/tex/latex/mdframed/md-frame-1.mdf
File: md-frame-1.mdf 2013/07/01\ 1.9b: md-frame-1
)
\mdf@frametitlebox=\box66
\mdf@footnotebox=\box67
\mdf@splitbox@one=\box68
\mdf@splitbox@two=\box69
\mdf@splitbox@save=\box70
\mdfsplitboxwidth=\skip111
\mdfsplitboxtotalwidth=\skip112
\mdfsplitboxheight=\skip113
\mdfsplitboxdepth=\skip114
\mdfsplitboxtotalheight=\skip115
\mdfframetitleboxwidth=\skip116
\mdfframetitleboxtotalwidth=\skip117
\mdfframetitleboxheight=\skip118
\mdfframetitleboxdepth=\skip119
\mdfframetitleboxtotalheight=\skip120
\mdffootnoteboxwidth=\skip121
\mdffootnoteboxtotalwidth=\skip122
\mdffootnoteboxheight=\skip123
\mdffootnoteboxdepth=\skip124
\mdffootnoteboxtotalheight=\skip125
\mdftotallinewidth=\skip126
\mdfboundingboxwidth=\skip127
\mdfboundingboxtotalwidth=\skip128
\mdfboundingboxheight=\skip129
\mdfboundingboxdepth=\skip130
\mdfboundingboxtotalheight=\skip131
\mdf@freevspace@length=\skip132
\mdf@horizontalwidthofbox@length=\skip133
\mdf@verticalmarginwhole@length=\skip134
\mdf@horizontalspaceofbox=\skip135
\mdfsubtitleheight=\skip136
\mdfsubsubtitleheight=\skip137
\c@mdfcountframes=\count285

****** mdframed patching \endmdf@trivlist

****** -- success******

\mdf@envdepth=\count286
\c@mdf@env@i=\count287
\c@mdf@env@ii=\count288
\c@mdf@zref@counter=\count289
Package zref Info: New property: mdf@pagevalue on input line 895.
)
(/usr/local/texlive/2019/texmf-dist/tex/latex/listings/listings.sty
\lst@mode=\count290
\lst@gtempboxa=\box71
\lst@token=\toks33
\lst@length=\count291
\lst@currlwidth=\dimen198
\lst@column=\count292
\lst@pos=\count293
\lst@lostspace=\dimen199
\lst@width=\dimen256
\lst@newlines=\count294
\lst@lineno=\count295
\lst@maxwidth=\dimen257

(/usr/local/texlive/2019/texmf-dist/tex/latex/listings/lstmisc.sty
File: lstmisc.sty 2019/02/27 1.8b (Carsten Heinz)
\c@lstnumber=\count296
\lst@skipnumbers=\count297
\lst@framebox=\box72
)
(/usr/local/texlive/2019/texmf-dist/tex/latex/listings/listings.cfg
File: listings.cfg 2019/02/27 1.8b listings configuration
))
Package: listings 2019/02/27 1.8b (Carsten Heinz)

(/usr/local/texlive/2019/texmf-dist/tex/latex/geometry/geometry.sty
Package: geometry 2018/04/16 v5.8 Page Geometry

(/usr/local/texlive/2019/texmf-dist/tex/generic/oberdiek/ifvtex.sty
Package: ifvtex 2016/05/16 v1.6 Detect VTeX and its facilities (HO)
Package ifvtex Info: VTeX not detected.
)
(/usr/local/texlive/2019/texmf-dist/tex/generic/ifxetex/ifxetex.sty
Package: ifxetex 2010/09/12 v0.6 Provides ifxetex conditional
)
\Gm@cnth=\count298
\Gm@cntv=\count299
\c@Gm@tempcnt=\count300
\Gm@bindingoffset=\dimen258
\Gm@wd@mp=\dimen259
\Gm@odd@mp=\dimen260
\Gm@even@mp=\dimen261
\Gm@layoutwidth=\dimen262
\Gm@layoutheight=\dimen263
\Gm@layouthoffset=\dimen264
\Gm@layoutvoffset=\dimen265
\Gm@dimlist=\toks34
)
(/usr/local/texlive/2019/texmf-dist/tex/latex/base/inputenc.sty
Package: inputenc 2018/08/11 v1.3c Input encoding file
\inpenc@prehook=\toks35
\inpenc@posthook=\toks36
)
(/usr/local/texlive/2019/texmf-dist/tex/latex/base/fontenc.sty
Package: fontenc 2018/08/11 v2.0j Standard LaTeX package

(/usr/local/texlive/2019/texmf-dist/tex/latex/base/t1enc.def
File: t1enc.def 2018/08/11 v2.0j Standard LaTeX file
LaTeX Font Info:    Redeclaring font encoding T1 on input line 48.
))
(/usr/local/texlive/2019/texmf-dist/tex/latex/xcharter/XCharter.sty
Package: XCharter 2017/12/19 v1.112

`XCharter' v1.112, 2017/12/19 Text macros for XCharter, an extension of Charter
 (msharpe) (/usr/local/texlive/2019/texmf-dist/tex/latex/base/fontenc.sty
Package: fontenc 2018/08/11 v2.0j Standard LaTeX package

(/usr/local/texlive/2019/texmf-dist/tex/latex/cyrillic/t2aenc.def
File: t2aenc.def 2005/09/27 v1.0i Cyrillic encoding definition file
Now handling font encoding T2A ...
... processing UTF-8 mapping file for font encoding T2A

(/usr/local/texlive/2019/texmf-dist/tex/latex/base/t2aenc.dfu
File: t2aenc.dfu 2018/10/05 v1.2f UTF-8 support for inputenc
   defining Unicode char U+00A4 (decimal 164)
   defining Unicode char U+00A7 (decimal 167)
   defining Unicode char U+00AB (decimal 171)
   defining Unicode char U+00BB (decimal 187)
   defining Unicode char U+0131 (decimal 305)
   defining Unicode char U+0237 (decimal 567)
   defining Unicode char U+0400 (decimal 1024)
   defining Unicode char U+0401 (decimal 1025)
   defining Unicode char U+0402 (decimal 1026)
   defining Unicode char U+0403 (decimal 1027)
   defining Unicode char U+0404 (decimal 1028)
   defining Unicode char U+0405 (decimal 1029)
   defining Unicode char U+0406 (decimal 1030)
   defining Unicode char U+0407 (decimal 1031)
   defining Unicode char U+0408 (decimal 1032)
   defining Unicode char U+0409 (decimal 1033)
   defining Unicode char U+040A (decimal 1034)
   defining Unicode char U+040B (decimal 1035)
   defining Unicode char U+040C (decimal 1036)
   defining Unicode char U+040D (decimal 1037)
   defining Unicode char U+040E (decimal 1038)
   defining Unicode char U+040F (decimal 1039)
   defining Unicode char U+0410 (decimal 1040)
   defining Unicode char U+0411 (decimal 1041)
   defining Unicode char U+0412 (decimal 1042)
   defining Unicode char U+0413 (decimal 1043)
   defining Unicode char U+0414 (decimal 1044)
   defining Unicode char U+0415 (decimal 1045)
   defining Unicode char U+0416 (decimal 1046)
   defining Unicode char U+0417 (decimal 1047)
   defining Unicode char U+0418 (decimal 1048)
   defining Unicode char U+0419 (decimal 1049)
   defining Unicode char U+041A (decimal 1050)
   defining Unicode char U+041B (decimal 1051)
   defining Unicode char U+041C (decimal 1052)
   defining Unicode char U+041D (decimal 1053)
   defining Unicode char U+041E (decimal 1054)
   defining Unicode char U+041F (decimal 1055)
   defining Unicode char U+0420 (decimal 1056)
   defining Unicode char U+0421 (decimal 1057)
   defining Unicode char U+0422 (decimal 1058)
   defining Unicode char U+0423 (decimal 1059)
   defining Unicode char U+0424 (decimal 1060)
   defining Unicode char U+0425 (decimal 1061)
   defining Unicode char U+0426 (decimal 1062)
   defining Unicode char U+0427 (decimal 1063)
   defining Unicode char U+0428 (decimal 1064)
   defining Unicode char U+0429 (decimal 1065)
   defining Unicode char U+042A (decimal 1066)
   defining Unicode char U+042B (decimal 1067)
   defining Unicode char U+042C (decimal 1068)
   defining Unicode char U+042D (decimal 1069)
   defining Unicode char U+042E (decimal 1070)
   defining Unicode char U+042F (decimal 1071)
   defining Unicode char U+0430 (decimal 1072)
   defining Unicode char U+0431 (decimal 1073)
   defining Unicode char U+0432 (decimal 1074)
   defining Unicode char U+0433 (decimal 1075)
   defining Unicode char U+0434 (decimal 1076)
   defining Unicode char U+0435 (decimal 1077)
   defining Unicode char U+0436 (decimal 1078)
   defining Unicode char U+0437 (decimal 1079)
   defining Unicode char U+0438 (decimal 1080)
   defining Unicode char U+0439 (decimal 1081)
   defining Unicode char U+043A (decimal 1082)
   defining Unicode char U+043B (decimal 1083)
   defining Unicode char U+043C (decimal 1084)
   defining Unicode char U+043D (decimal 1085)
   defining Unicode char U+043E (decimal 1086)
   defining Unicode char U+043F (decimal 1087)
   defining Unicode char U+0440 (decimal 1088)
   defining Unicode char U+0441 (decimal 1089)
   defining Unicode char U+0442 (decimal 1090)
   defining Unicode char U+0443 (decimal 1091)
   defining Unicode char U+0444 (decimal 1092)
   defining Unicode char U+0445 (decimal 1093)
   defining Unicode char U+0446 (decimal 1094)
   defining Unicode char U+0447 (decimal 1095)
   defining Unicode char U+0448 (decimal 1096)
   defining Unicode char U+0449 (decimal 1097)
   defining Unicode char U+044A (decimal 1098)
   defining Unicode char U+044B (decimal 1099)
   defining Unicode char U+044C (decimal 1100)
   defining Unicode char U+044D (decimal 1101)
   defining Unicode char U+044E (decimal 1102)
   defining Unicode char U+044F (decimal 1103)
   defining Unicode char U+0450 (decimal 1104)
   defining Unicode char U+0451 (decimal 1105)
   defining Unicode char U+0452 (decimal 1106)
   defining Unicode char U+0453 (decimal 1107)
   defining Unicode char U+0454 (decimal 1108)
   defining Unicode char U+0455 (decimal 1109)
   defining Unicode char U+0456 (decimal 1110)
   defining Unicode char U+0457 (decimal 1111)
   defining Unicode char U+0458 (decimal 1112)
   defining Unicode char U+0459 (decimal 1113)
   defining Unicode char U+045A (decimal 1114)
   defining Unicode char U+045B (decimal 1115)
   defining Unicode char U+045C (decimal 1116)
   defining Unicode char U+045D (decimal 1117)
   defining Unicode char U+045E (decimal 1118)
   defining Unicode char U+045F (decimal 1119)
   defining Unicode char U+0490 (decimal 1168)
   defining Unicode char U+0491 (decimal 1169)
   defining Unicode char U+0492 (decimal 1170)
   defining Unicode char U+0493 (decimal 1171)
   defining Unicode char U+0496 (decimal 1174)
   defining Unicode char U+0497 (decimal 1175)
   defining Unicode char U+0498 (decimal 1176)
   defining Unicode char U+0499 (decimal 1177)
   defining Unicode char U+049A (decimal 1178)
   defining Unicode char U+049B (decimal 1179)
   defining Unicode char U+049C (decimal 1180)
   defining Unicode char U+049D (decimal 1181)
   defining Unicode char U+04A0 (decimal 1184)
   defining Unicode char U+04A1 (decimal 1185)
   defining Unicode char U+04A2 (decimal 1186)
   defining Unicode char U+04A3 (decimal 1187)
   defining Unicode char U+04A4 (decimal 1188)
   defining Unicode char U+04A5 (decimal 1189)
   defining Unicode char U+04AA (decimal 1194)
   defining Unicode char U+04AB (decimal 1195)
   defining Unicode char U+04AE (decimal 1198)
   defining Unicode char U+04AF (decimal 1199)
   defining Unicode char U+04B0 (decimal 1200)
   defining Unicode char U+04B1 (decimal 1201)
   defining Unicode char U+04B2 (decimal 1202)
   defining Unicode char U+04B3 (decimal 1203)
   defining Unicode char U+04B6 (decimal 1206)
   defining Unicode char U+04B7 (decimal 1207)
   defining Unicode char U+04B8 (decimal 1208)
   defining Unicode char U+04B9 (decimal 1209)
   defining Unicode char U+04BA (decimal 1210)
   defining Unicode char U+04BB (decimal 1211)
   defining Unicode char U+04C0 (decimal 1216)
   defining Unicode char U+04C1 (decimal 1217)
   defining Unicode char U+04C2 (decimal 1218)
   defining Unicode char U+04D0 (decimal 1232)
   defining Unicode char U+04D1 (decimal 1233)
   defining Unicode char U+04D2 (decimal 1234)
   defining Unicode char U+04D3 (decimal 1235)
   defining Unicode char U+04D4 (decimal 1236)
   defining Unicode char U+04D5 (decimal 1237)
   defining Unicode char U+04D6 (decimal 1238)
   defining Unicode char U+04D7 (decimal 1239)
   defining Unicode char U+04D8 (decimal 1240)
   defining Unicode char U+04D9 (decimal 1241)
   defining Unicode char U+04DA (decimal 1242)
   defining Unicode char U+04DB (decimal 1243)
   defining Unicode char U+04DC (decimal 1244)
   defining Unicode char U+04DD (decimal 1245)
   defining Unicode char U+04DE (decimal 1246)
   defining Unicode char U+04DF (decimal 1247)
   defining Unicode char U+04E2 (decimal 1250)
   defining Unicode char U+04E3 (decimal 1251)
   defining Unicode char U+04E4 (decimal 1252)
   defining Unicode char U+04E5 (decimal 1253)
   defining Unicode char U+04E6 (decimal 1254)
   defining Unicode char U+04E7 (decimal 1255)
   defining Unicode char U+04E8 (decimal 1256)
   defining Unicode char U+04E9 (decimal 1257)
   defining Unicode char U+04EC (decimal 1260)
   defining Unicode char U+04ED (decimal 1261)
   defining Unicode char U+04EE (decimal 1262)
   defining Unicode char U+04EF (decimal 1263)
   defining Unicode char U+04F0 (decimal 1264)
   defining Unicode char U+04F1 (decimal 1265)
   defining Unicode char U+04F2 (decimal 1266)
   defining Unicode char U+04F3 (decimal 1267)
   defining Unicode char U+04F4 (decimal 1268)
   defining Unicode char U+04F5 (decimal 1269)
   defining Unicode char U+04F8 (decimal 1272)
   defining Unicode char U+04F9 (decimal 1273)
   defining Unicode char U+200C (decimal 8204)
   defining Unicode char U+2013 (decimal 8211)
   defining Unicode char U+2014 (decimal 8212)
   defining Unicode char U+2018 (decimal 8216)
   defining Unicode char U+2019 (decimal 8217)
   defining Unicode char U+201C (decimal 8220)
   defining Unicode char U+201D (decimal 8221)
   defining Unicode char U+201E (decimal 8222)
   defining Unicode char U+2030 (decimal 8240)
   defining Unicode char U+2031 (decimal 8241)
   defining Unicode char U+2116 (decimal 8470)
   defining Unicode char U+2329 (decimal 9001)
   defining Unicode char U+232A (decimal 9002)
   defining Unicode char U+2423 (decimal 9251)
))
(/usr/local/texlive/2019/texmf-dist/tex/latex/ly1/ly1enc.def
File: ly1enc.def 2009/07/22 v0.7 TeX 'n ANSI encoding (DPC/KB)
Now handling font encoding LY1 ...
... processing UTF-8 mapping file for font encoding LY1

(/usr/local/texlive/2019/texmf-dist/tex/latex/base/ly1enc.dfu
File: ly1enc.dfu 2018/10/05 v1.2f UTF-8 support for inputenc
   defining Unicode char U+00A0 (decimal 160)
   defining Unicode char U+00A1 (decimal 161)
   defining Unicode char U+00A2 (decimal 162)
   defining Unicode char U+00A3 (decimal 163)
   defining Unicode char U+00A4 (decimal 164)
   defining Unicode char U+00A5 (decimal 165)
   defining Unicode char U+00A6 (decimal 166)
   defining Unicode char U+00A7 (decimal 167)
   defining Unicode char U+00AA (decimal 170)
   defining Unicode char U+00AB (decimal 171)
   defining Unicode char U+00AD (decimal 173)
   defining Unicode char U+00AE (decimal 174)
   defining Unicode char U+00B0 (decimal 176)
   defining Unicode char U+00B5 (decimal 181)
   defining Unicode char U+00B6 (decimal 182)
   defining Unicode char U+00B7 (decimal 183)
   defining Unicode char U+00BA (decimal 186)
   defining Unicode char U+00BB (decimal 187)
   defining Unicode char U+00BC (decimal 188)
   defining Unicode char U+00BD (decimal 189)
   defining Unicode char U+00BE (decimal 190)
   defining Unicode char U+00BF (decimal 191)
   defining Unicode char U+00C0 (decimal 192)
   defining Unicode char U+00C1 (decimal 193)
   defining Unicode char U+00C2 (decimal 194)
   defining Unicode char U+00C3 (decimal 195)
   defining Unicode char U+00C4 (decimal 196)
   defining Unicode char U+00C5 (decimal 197)
   defining Unicode char U+00C6 (decimal 198)
   defining Unicode char U+00C7 (decimal 199)
   defining Unicode char U+00C8 (decimal 200)
   defining Unicode char U+00C9 (decimal 201)
   defining Unicode char U+00CA (decimal 202)
   defining Unicode char U+00CB (decimal 203)
   defining Unicode char U+00CC (decimal 204)
   defining Unicode char U+00CD (decimal 205)
   defining Unicode char U+00CE (decimal 206)
   defining Unicode char U+00CF (decimal 207)
   defining Unicode char U+00D0 (decimal 208)
   defining Unicode char U+00D1 (decimal 209)
   defining Unicode char U+00D2 (decimal 210)
   defining Unicode char U+00D3 (decimal 211)
   defining Unicode char U+00D4 (decimal 212)
   defining Unicode char U+00D5 (decimal 213)
   defining Unicode char U+00D6 (decimal 214)
   defining Unicode char U+00D8 (decimal 216)
   defining Unicode char U+00D9 (decimal 217)
   defining Unicode char U+00DA (decimal 218)
   defining Unicode char U+00DB (decimal 219)
   defining Unicode char U+00DC (decimal 220)
   defining Unicode char U+00DD (decimal 221)
   defining Unicode char U+00DE (decimal 222)
   defining Unicode char U+00DF (decimal 223)
   defining Unicode char U+00E0 (decimal 224)
   defining Unicode char U+00E1 (decimal 225)
   defining Unicode char U+00E2 (decimal 226)
   defining Unicode char U+00E3 (decimal 227)
   defining Unicode char U+00E4 (decimal 228)
   defining Unicode char U+00E5 (decimal 229)
   defining Unicode char U+00E6 (decimal 230)
   defining Unicode char U+00E7 (decimal 231)
   defining Unicode char U+00E8 (decimal 232)
   defining Unicode char U+00E9 (decimal 233)
   defining Unicode char U+00EA (decimal 234)
   defining Unicode char U+00EB (decimal 235)
   defining Unicode char U+00EC (decimal 236)
   defining Unicode char U+00ED (decimal 237)
   defining Unicode char U+00EE (decimal 238)
   defining Unicode char U+00EF (decimal 239)
   defining Unicode char U+00F0 (decimal 240)
   defining Unicode char U+00F1 (decimal 241)
   defining Unicode char U+00F2 (decimal 242)
   defining Unicode char U+00F3 (decimal 243)
   defining Unicode char U+00F4 (decimal 244)
   defining Unicode char U+00F5 (decimal 245)
   defining Unicode char U+00F6 (decimal 246)
   defining Unicode char U+00F8 (decimal 248)
   defining Unicode char U+00F9 (decimal 249)
   defining Unicode char U+00FA (decimal 250)
   defining Unicode char U+00FB (decimal 251)
   defining Unicode char U+00FC (decimal 252)
   defining Unicode char U+00FD (decimal 253)
   defining Unicode char U+00FE (decimal 254)
   defining Unicode char U+00FF (decimal 255)
   defining Unicode char U+0131 (decimal 305)
   defining Unicode char U+0141 (decimal 321)
   defining Unicode char U+0142 (decimal 322)
   defining Unicode char U+0152 (decimal 338)
   defining Unicode char U+0153 (decimal 339)
   defining Unicode char U+0160 (decimal 352)
   defining Unicode char U+0161 (decimal 353)
   defining Unicode char U+0174 (decimal 372)
   defining Unicode char U+0175 (decimal 373)
   defining Unicode char U+0176 (decimal 374)
   defining Unicode char U+0177 (decimal 375)
   defining Unicode char U+0178 (decimal 376)
   defining Unicode char U+017D (decimal 381)
   defining Unicode char U+017E (decimal 382)
   defining Unicode char U+0192 (decimal 402)
   defining Unicode char U+0218 (decimal 536)
   defining Unicode char U+0219 (decimal 537)
   defining Unicode char U+021A (decimal 538)
   defining Unicode char U+021B (decimal 539)
   defining Unicode char U+0237 (decimal 567)
   defining Unicode char U+02C6 (decimal 710)
   defining Unicode char U+02DC (decimal 732)
   defining Unicode char U+2013 (decimal 8211)
   defining Unicode char U+2014 (decimal 8212)
   defining Unicode char U+201C (decimal 8220)
   defining Unicode char U+201D (decimal 8221)
   defining Unicode char U+2020 (decimal 8224)
   defining Unicode char U+2021 (decimal 8225)
   defining Unicode char U+2022 (decimal 8226)
   defining Unicode char U+2026 (decimal 8230)
   defining Unicode char U+2030 (decimal 8240)
   defining Unicode char U+2039 (decimal 8249)
   defining Unicode char U+203A (decimal 8250)
   defining Unicode char U+2122 (decimal 8482)
))
(/usr/local/texlive/2019/texmf-dist/tex/latex/base/t1enc.def
File: t1enc.def 2018/08/11 v2.0j Standard LaTeX file
LaTeX Font Info:    Redeclaring font encoding T1 on input line 48.
)
LaTeX Font Info:    Try loading font information for T1+ptm on input line 105.

(/usr/local/texlive/2019/texmf-dist/tex/latex/psnfss/t1ptm.fd
File: t1ptm.fd 2001/06/04 font definitions for T1/ptm.
))
(/usr/local/texlive/2019/texmf-dist/tex/latex/base/textcomp.sty
Package: textcomp 2018/08/11 v2.0j Standard LaTeX package
Package textcomp Info: Sub-encoding information:
(textcomp)               5 = only ISO-Adobe without \textcurrency
(textcomp)               4 = 5 + \texteuro
(textcomp)               3 = 4 + \textohm
(textcomp)               2 = 3 + \textestimated + \textcurrency
(textcomp)               1 = TS1 - \textcircled - \t
(textcomp)               0 = TS1 (full)
(textcomp)             Font families with sub-encoding setting implement
(textcomp)             only a restricted character set as indicated.
(textcomp)             Family '?' is the default used for unknown fonts.
(textcomp)             See the documentation for details.
Package textcomp Info: Setting ? sub-encoding to TS1/1 on input line 79.

(/usr/local/texlive/2019/texmf-dist/tex/latex/base/ts1enc.def
File: ts1enc.def 2001/06/05 v3.0e (jk/car/fm) Standard LaTeX file
Now handling font encoding TS1 ...
... processing UTF-8 mapping file for font encoding TS1

(/usr/local/texlive/2019/texmf-dist/tex/latex/base/ts1enc.dfu
File: ts1enc.dfu 2018/10/05 v1.2f UTF-8 support for inputenc
   defining Unicode char U+00A2 (decimal 162)
   defining Unicode char U+00A3 (decimal 163)
   defining Unicode char U+00A4 (decimal 164)
   defining Unicode char U+00A5 (decimal 165)
   defining Unicode char U+00A6 (decimal 166)
   defining Unicode char U+00A7 (decimal 167)
   defining Unicode char U+00A8 (decimal 168)
   defining Unicode char U+00A9 (decimal 169)
   defining Unicode char U+00AA (decimal 170)
   defining Unicode char U+00AC (decimal 172)
   defining Unicode char U+00AE (decimal 174)
   defining Unicode char U+00AF (decimal 175)
   defining Unicode char U+00B0 (decimal 176)
   defining Unicode char U+00B1 (decimal 177)
   defining Unicode char U+00B2 (decimal 178)
   defining Unicode char U+00B3 (decimal 179)
   defining Unicode char U+00B4 (decimal 180)
   defining Unicode char U+00B5 (decimal 181)
   defining Unicode char U+00B6 (decimal 182)
   defining Unicode char U+00B7 (decimal 183)
   defining Unicode char U+00B9 (decimal 185)
   defining Unicode char U+00BA (decimal 186)
   defining Unicode char U+00BC (decimal 188)
   defining Unicode char U+00BD (decimal 189)
   defining Unicode char U+00BE (decimal 190)
   defining Unicode char U+00D7 (decimal 215)
   defining Unicode char U+00F7 (decimal 247)
   defining Unicode char U+0192 (decimal 402)
   defining Unicode char U+02C7 (decimal 711)
   defining Unicode char U+02D8 (decimal 728)
   defining Unicode char U+02DD (decimal 733)
   defining Unicode char U+0E3F (decimal 3647)
   defining Unicode char U+2016 (decimal 8214)
   defining Unicode char U+2020 (decimal 8224)
   defining Unicode char U+2021 (decimal 8225)
   defining Unicode char U+2022 (decimal 8226)
   defining Unicode char U+2030 (decimal 8240)
   defining Unicode char U+2031 (decimal 8241)
   defining Unicode char U+203B (decimal 8251)
   defining Unicode char U+203D (decimal 8253)
   defining Unicode char U+2044 (decimal 8260)
   defining Unicode char U+204E (decimal 8270)
   defining Unicode char U+2052 (decimal 8274)
   defining Unicode char U+20A1 (decimal 8353)
   defining Unicode char U+20A4 (decimal 8356)
   defining Unicode char U+20A6 (decimal 8358)
   defining Unicode char U+20A9 (decimal 8361)
   defining Unicode char U+20AB (decimal 8363)
   defining Unicode char U+20AC (decimal 8364)
   defining Unicode char U+20B1 (decimal 8369)
   defining Unicode char U+2103 (decimal 8451)
   defining Unicode char U+2116 (decimal 8470)
   defining Unicode char U+2117 (decimal 8471)
   defining Unicode char U+211E (decimal 8478)
   defining Unicode char U+2120 (decimal 8480)
   defining Unicode char U+2122 (decimal 8482)
   defining Unicode char U+2126 (decimal 8486)
   defining Unicode char U+2127 (decimal 8487)
   defining Unicode char U+212E (decimal 8494)
   defining Unicode char U+2190 (decimal 8592)
   defining Unicode char U+2191 (decimal 8593)
   defining Unicode char U+2192 (decimal 8594)
   defining Unicode char U+2193 (decimal 8595)
   defining Unicode char U+2329 (decimal 9001)
   defining Unicode char U+232A (decimal 9002)
   defining Unicode char U+2422 (decimal 9250)
   defining Unicode char U+25E6 (decimal 9702)
   defining Unicode char U+25EF (decimal 9711)
   defining Unicode char U+266A (decimal 9834)
   defining Unicode char U+FEFF (decimal 65279)
))
LaTeX Info: Redefining \oldstylenums on input line 334.
Package textcomp Info: Setting cmr sub-encoding to TS1/0 on input line 349.
Package textcomp Info: Setting cmss sub-encoding to TS1/0 on input line 350.
Package textcomp Info: Setting cmtt sub-encoding to TS1/0 on input line 351.
Package textcomp Info: Setting cmvtt sub-encoding to TS1/0 on input line 352.
Package textcomp Info: Setting cmbr sub-encoding to TS1/0 on input line 353.
Package textcomp Info: Setting cmtl sub-encoding to TS1/0 on input line 354.
Package textcomp Info: Setting ccr sub-encoding to TS1/0 on input line 355.
Package textcomp Info: Setting ptm sub-encoding to TS1/4 on input line 356.
Package textcomp Info: Setting pcr sub-encoding to TS1/4 on input line 357.
Package textcomp Info: Setting phv sub-encoding to TS1/4 on input line 358.
Package textcomp Info: Setting ppl sub-encoding to TS1/3 on input line 359.
Package textcomp Info: Setting pag sub-encoding to TS1/4 on input line 360.
Package textcomp Info: Setting pbk sub-encoding to TS1/4 on input line 361.
Package textcomp Info: Setting pnc sub-encoding to TS1/4 on input line 362.
Package textcomp Info: Setting pzc sub-encoding to TS1/4 on input line 363.
Package textcomp Info: Setting bch sub-encoding to TS1/4 on input line 364.
Package textcomp Info: Setting put sub-encoding to TS1/5 on input line 365.
Package textcomp Info: Setting uag sub-encoding to TS1/5 on input line 366.
Package textcomp Info: Setting ugq sub-encoding to TS1/5 on input line 367.
Package textcomp Info: Setting ul8 sub-encoding to TS1/4 on input line 368.
Package textcomp Info: Setting ul9 sub-encoding to TS1/4 on input line 369.
Package textcomp Info: Setting augie sub-encoding to TS1/5 on input line 370.
Package textcomp Info: Setting dayrom sub-encoding to TS1/3 on input line 371.
Package textcomp Info: Setting dayroms sub-encoding to TS1/3 on input line 372.

Package textcomp Info: Setting pxr sub-encoding to TS1/0 on input line 373.
Package textcomp Info: Setting pxss sub-encoding to TS1/0 on input line 374.
Package textcomp Info: Setting pxtt sub-encoding to TS1/0 on input line 375.
Package textcomp Info: Setting txr sub-encoding to TS1/0 on input line 376.
Package textcomp Info: Setting txss sub-encoding to TS1/0 on input line 377.
Package textcomp Info: Setting txtt sub-encoding to TS1/0 on input line 378.
Package textcomp Info: Setting lmr sub-encoding to TS1/0 on input line 379.
Package textcomp Info: Setting lmdh sub-encoding to TS1/0 on input line 380.
Package textcomp Info: Setting lmss sub-encoding to TS1/0 on input line 381.
Package textcomp Info: Setting lmssq sub-encoding to TS1/0 on input line 382.
Package textcomp Info: Setting lmvtt sub-encoding to TS1/0 on input line 383.
Package textcomp Info: Setting lmtt sub-encoding to TS1/0 on input line 384.
Package textcomp Info: Setting qhv sub-encoding to TS1/0 on input line 385.
Package textcomp Info: Setting qag sub-encoding to TS1/0 on input line 386.
Package textcomp Info: Setting qbk sub-encoding to TS1/0 on input line 387.
Package textcomp Info: Setting qcr sub-encoding to TS1/0 on input line 388.
Package textcomp Info: Setting qcs sub-encoding to TS1/0 on input line 389.
Package textcomp Info: Setting qpl sub-encoding to TS1/0 on input line 390.
Package textcomp Info: Setting qtm sub-encoding to TS1/0 on input line 391.
Package textcomp Info: Setting qzc sub-encoding to TS1/0 on input line 392.
Package textcomp Info: Setting qhvc sub-encoding to TS1/0 on input line 393.
Package textcomp Info: Setting futs sub-encoding to TS1/4 on input line 394.
Package textcomp Info: Setting futx sub-encoding to TS1/4 on input line 395.
Package textcomp Info: Setting futj sub-encoding to TS1/4 on input line 396.
Package textcomp Info: Setting hlh sub-encoding to TS1/3 on input line 397.
Package textcomp Info: Setting hls sub-encoding to TS1/3 on input line 398.
Package textcomp Info: Setting hlst sub-encoding to TS1/3 on input line 399.
Package textcomp Info: Setting hlct sub-encoding to TS1/5 on input line 400.
Package textcomp Info: Setting hlx sub-encoding to TS1/5 on input line 401.
Package textcomp Info: Setting hlce sub-encoding to TS1/5 on input line 402.
Package textcomp Info: Setting hlcn sub-encoding to TS1/5 on input line 403.
Package textcomp Info: Setting hlcw sub-encoding to TS1/5 on input line 404.
Package textcomp Info: Setting hlcf sub-encoding to TS1/5 on input line 405.
Package textcomp Info: Setting pplx sub-encoding to TS1/3 on input line 406.
Package textcomp Info: Setting pplj sub-encoding to TS1/3 on input line 407.
Package textcomp Info: Setting ptmx sub-encoding to TS1/4 on input line 408.
Package textcomp Info: Setting ptmj sub-encoding to TS1/4 on input line 409.
)
(/usr/local/texlive/2019/texmf-dist/tex/latex/mweights/mweights.sty
Package: mweights 2017/03/30 (Bob Tennent) Support package for multiple-weight 
font packages. 
LaTeX Info: Redefining \bfseries on input line 22.
LaTeX Info: Redefining \mdseries on input line 30.
LaTeX Info: Redefining \rmfamily on input line 38.
LaTeX Info: Redefining \sffamily on input line 66.
LaTeX Info: Redefining \ttfamily on input line 94.
)
(/usr/local/texlive/2019/texmf-dist/tex/latex/fontaxes/fontaxes.sty
Package: fontaxes 2014/03/23 v1.0d Font selection axes
LaTeX Info: Redefining \upshape on input line 29.
LaTeX Info: Redefining \itshape on input line 31.
LaTeX Info: Redefining \slshape on input line 33.
LaTeX Info: Redefining \scshape on input line 37.
)
(/usr/local/texlive/2019/texmf-dist/tex/latex/xkeyval/xkeyval.sty
Package: xkeyval 2014/12/03 v2.7a package option processing (HA)

(/usr/local/texlive/2019/texmf-dist/tex/generic/xkeyval/xkeyval.tex
(/usr/local/texlive/2019/texmf-dist/tex/generic/xkeyval/xkvutils.tex
\XKV@toks=\toks37
\XKV@tempa@toks=\toks38
)
\XKV@depth=\count301
File: xkeyval.tex 2014/12/03 v2.7a key=value parser (HA)
)))
\c@Question=\count302
)
LaTeX Font Info:    Try loading font information for T1+XCharter-TLF on input l
ine 38.

(/usr/local/texlive/2019/texmf-dist/tex/latex/xcharter/T1XCharter-TLF.fd
File: T1XCharter-TLF.fd 2017/06/25 (autoinst) Font definitions for T1/XCharter-
TLF.
)
LaTeX Font Info:    Font shape `T1/XCharter-TLF/m/n' will be
(Font)              scaled to size 10.0pt on input line 38.

(./main.aux)
\openout1 = `main.aux'.

LaTeX Font Info:    Checking defaults for OML/cmm/m/it on input line 38.
LaTeX Font Info:    ... okay on input line 38.
LaTeX Font Info:    Checking defaults for T1/cmr/m/n on input line 38.
LaTeX Font Info:    ... okay on input line 38.
LaTeX Font Info:    Checking defaults for OT1/cmr/m/n on input line 38.
LaTeX Font Info:    ... okay on input line 38.
LaTeX Font Info:    Checking defaults for OMS/cmsy/m/n on input line 38.
LaTeX Font Info:    ... okay on input line 38.
LaTeX Font Info:    Checking defaults for OMX/cmex/m/n on input line 38.
LaTeX Font Info:    ... okay on input line 38.
LaTeX Font Info:    Checking defaults for U/cmr/m/n on input line 38.
LaTeX Font Info:    ... okay on input line 38.
LaTeX Font Info:    Checking defaults for T2A/cmr/m/n on input line 38.
LaTeX Font Info:    Try loading font information for T2A+cmr on input line 38.
 (/usr/local/texlive/2019/texmf-dist/tex/latex/cyrillic/t2acmr.fd
File: t2acmr.fd 2001/08/11 v1.0a Computer Modern Cyrillic font definitions
)
LaTeX Font Info:    ... okay on input line 38.
LaTeX Font Info:    Checking defaults for LY1/ptm/m/n on input line 38.
LaTeX Font Info:    Try loading font information for LY1+ptm on input line 38.

(/usr/local/texlive/2019/texmf-dist/tex/latex/ly1/ly1ptm.fd
File: ly1ptm.fd 2001/02/01 font definitions for LY1/ptm using Berry names.
)
LaTeX Font Info:    ... okay on input line 38.
LaTeX Font Info:    Checking defaults for TS1/cmr/m/n on input line 38.
LaTeX Font Info:    Try loading font information for TS1+cmr on input line 38.

(/usr/local/texlive/2019/texmf-dist/tex/latex/base/ts1cmr.fd
File: ts1cmr.fd 2014/09/29 v2.5h Standard LaTeX font definitions
)
LaTeX Font Info:    ... okay on input line 38.
\AtBeginShipoutBox=\box73

(/usr/local/texlive/2019/texmf-dist/tex/context/base/mkii/supp-pdf.mkii
[Loading MPS to PDF converter (version 2006.09.02).]
\scratchcounter=\count303
\scratchdimen=\dimen266
\scratchbox=\box74
\nofMPsegments=\count304
\nofMParguments=\count305
\everyMPshowfont=\toks39
\MPscratchCnt=\count306
\MPscratchDim=\dimen267
\MPnumerator=\count307
\makeMPintoPDFobject=\count308
\everyMPtoPDFconversion=\toks40
) (/usr/local/texlive/2019/texmf-dist/tex/latex/oberdiek/epstopdf-base.sty
Package: epstopdf-base 2016/05/15 v2.6 Base part for package epstopdf

(/usr/local/texlive/2019/texmf-dist/tex/latex/oberdiek/grfext.sty
Package: grfext 2016/05/16 v1.2 Manage graphics extensions (HO)
)
Package epstopdf-base Info: Redefining graphics rule for `.eps' on input line 4
38.
Package grfext Info: Graphics extension search list:
(grfext)             [.pdf,.png,.jpg,.mps,.jpeg,.jbig2,.jb2,.PDF,.PNG,.JPG,.JPE
G,.JBIG2,.JB2,.eps]
(grfext)             \AppendGraphicsExtensions on input line 456.

(/usr/local/texlive/2019/texmf-dist/tex/latex/latexconfig/epstopdf-sys.cfg
File: epstopdf-sys.cfg 2010/07/13 v1.3 Configuration of (r)epstopdf for TeX Liv
e
))
ABD: EveryShipout initializing macros
\c@lstlisting=\count309

*geometry* driver: auto-detecting
*geometry* detected driver: pdftex
*geometry* verbose mode - [ preamble ] result:
* driver: pdftex
* paper: a4paper
* layout: <same size as paper>
* layoutoffset:(h,v)=(0.0pt,0.0pt)
* modes: 
* h-part:(L,W,R)=(71.13188pt, 455.24411pt, 71.13188pt)
* v-part:(T,H,B)=(71.13188pt, 688.5567pt, 85.35826pt)
* \paperwidth=597.50787pt
* \paperheight=845.04684pt
* \textwidth=455.24411pt
* \textheight=688.5567pt
* \oddsidemargin=-1.1381pt
* \evensidemargin=-1.1381pt
* \topmargin=-49.28133pt
* \headheight=14.0pt
* \headsep=34.14322pt
* \topskip=10.0pt
* \footskip=42.67912pt
* \marginparwidth=65.0pt
* \marginparsep=11.0pt
* \columnsep=10.0pt
* \skip\footins=9.0pt plus 4.0pt minus 2.0pt
* \hoffset=0.0pt
* \voffset=0.0pt
* \mag=1000
* \@twocolumnfalse
* \@twosidefalse
* \@mparswitchfalse
* \@reversemarginfalse
* (1in=72.27pt=25.4mm, 1cm=28.453pt)

\c@mv@tabular=\count310
\c@mv@boldtabular=\count311
LaTeX Font Info:    Font shape `T1/XCharter-TLF/m/n' will be
(Font)              scaled to size 17.28pt on input line 40.
LaTeX Font Info:    Font shape `T1/XCharter-TLF/m/n' will be
(Font)              scaled to size 12.0pt on input line 40.
LaTeX Font Info:    Try loading font information for U+msa on input line 40.
(/usr/local/texlive/2019/texmf-dist/tex/latex/amsfonts/umsa.fd
File: umsa.fd 2013/01/14 v3.01 AMS symbols A
)
LaTeX Font Info:    Try loading font information for U+msb on input line 40.

(/usr/local/texlive/2019/texmf-dist/tex/latex/amsfonts/umsb.fd
File: umsb.fd 2013/01/14 v3.01 AMS symbols B
)
LaTeX Font Info:    Try loading font information for U+stmry on input line 40.

(/usr/local/texlive/2019/texmf-dist/tex/latex/stmaryrd/Ustmry.fd)
LaTeX Font Info:    Try loading font information for T1+cmtt on input line 40.

(/usr/local/texlive/2019/texmf-dist/tex/latex/base/t1cmtt.fd
File: t1cmtt.fd 2014/09/29 v2.5h Standard LaTeX font definitions
)
LaTeX Font Info:    Font shape `T1/XCharter-TLF/m/n' will be
(Font)              scaled to size 14.4pt on input line 46.
LaTeX Font Info:    Font shape `T1/XCharter-TLF/b/n' will be
(Font)              scaled to size 14.4pt on input line 46.
LaTeX Font Info:    Font shape `T1/XCharter-TLF/m/n' will be
(Font)              scaled to size 7.0pt on input line 52.
LaTeX Font Info:    Font shape `T1/XCharter-TLF/m/n' will be
(Font)              scaled to size 5.0pt on input line 52.
LaTeX Font Info:    Font shape `T1/XCharter-TLF/b/n' will be
(Font)              scaled to size 10.0pt on input line 58.
LaTeX Font Info:    Font shape `T1/XCharter-TLF/b/n' will be
(Font)              scaled to size 7.0pt on input line 59.
LaTeX Font Info:    Font shape `T1/XCharter-TLF/b/n' will be
(Font)              scaled to size 12.0pt on input line 71.
 [1

{/usr/local/texlive/2019/texmf-var/fonts/map/pdftex/updmap/pdftex.map}]
LaTeX Font Info:    Font shape `T1/XCharter-TLF/m/it' will be
(Font)              scaled to size 10.0pt on input line 104.
 [2]
(/usr/local/texlive/2019/texmf-dist/tex/latex/listings/lstlang1.sty
File: lstlang1.sty 2019/02/27 1.8b listings language file
)

LaTeX Font Warning: Font shape `T1/cmtt/b/n' undefined
(Font)              using `T1/cmtt/m/n' instead on input line 138.

LaTeX Font Info:    Try loading font information for T1+cmss on input line 153.

(/usr/local/texlive/2019/texmf-dist/tex/latex/base/t1cmss.fd
File: t1cmss.fd 2014/09/29 v2.5h Standard LaTeX font definitions
) [3] (./main.aux)

LaTeX Font Warning: Some font shapes were not available, defaults substituted.

 ) 
Here is how much of TeX's memory you used:
 28682 strings out of 492618
 538313 string characters out of 6129501
 753593 words of memory out of 5000000
 32155 multiletter control sequences out of 15000+600000
 610617 words of font info for 81 fonts, out of 8000000 for 9000
 1141 hyphenation exceptions out of 8191
 69i,12n,74p,902b,1456s stack positions out of 5000i,500n,10000p,200000b,80000s
{/usr/local/texlive/2019/texmf-dist/fonts/enc/dvips/cm-super/cm-super-t1.enc}
{/usr/local/texlive/2019/texmf-dist/fonts/enc/dvips/xcharter/xch_tuu2ww.enc}{/u
sr/local/texlive/2019/texmf-dist/fonts/enc/dvips/xcharter/xch_a3psji.enc}</usr/
local/texlive/2019/texmf-dist/fonts/type1/public/xcharter/XCharter-Bold.pfb></u
sr/local/texlive/2019/texmf-dist/fonts/type1/public/xcharter/XCharter-Italic.pf
b></usr/local/texlive/2019/texmf-dist/fonts/type1/public/xcharter/XCharter-Roma
n.pfb></usr/local/texlive/2019/texmf-dist/fonts/type1/public/amsfonts/cm/cmex10
.pfb></usr/local/texlive/2019/texmf-dist/fonts/type1/public/amsfonts/cm/cmmi10.
pfb></usr/local/texlive/2019/texmf-dist/fonts/type1/public/amsfonts/cm/cmmi7.pf
b></usr/local/texlive/2019/texmf-dist/fonts/type1/public/amsfonts/cm/cmr10.pfb>
</usr/local/texlive/2019/texmf-dist/fonts/type1/public/amsfonts/cm/cmsy10.pfb><
/usr/local/texlive/2019/texmf-dist/fonts/type1/public/cm-super/sfit1000.pfb></u
sr/local/texlive/2019/texmf-dist/fonts/type1/public/cm-super/sfss1000.pfb></usr
/local/texlive/2019/texmf-dist/fonts/type1/public/cm-super/sftt1000.pfb></usr/l
ocal/texlive/2019/texmf-dist/fonts/type1/public/cm-super/sftt1200.pfb>
Output written on main.pdf (3 pages, 215816 bytes).
PDF statistics:
 68 PDF objects out of 1000 (max. 8388607)
 50 compressed objects within 1 object stream
 0 named destinations out of 1000 (max. 500000)
 13 words of extra memory for PDF output out of 10000 (max. 10000000)

